<?xml version="1.0" encoding="UTF-8"?>
<testng-results ignored="0" total="1" passed="1" failed="0" skipped="0">
  <reporter-output>
  </reporter-output>
  <suite started-at="2023-07-27T14:27:34 IST" name="Suite" finished-at="2023-07-27T14:28:44 IST" duration-ms="69540">
    <groups>
    </groups>
    <test started-at="2023-07-27T14:27:34 IST" name="Test" finished-at="2023-07-27T14:28:44 IST" duration-ms="69540">
      <class name="Test.Testclass">
        <test-method is-config="true" signature="setup()[pri:0, instance:Test.Testclass@3e08ff24]" started-at="2023-07-27T14:27:34 IST" name="setup" finished-at="2023-07-27T14:27:59 IST" duration-ms="24602" status="PASS">
          <reporter-output>
          </reporter-output>
        </test-method> <!-- setup -->
        <test-method signature="testing()[pri:0, instance:Test.Testclass@3e08ff24]" started-at="2023-07-27T14:27:59 IST" name="testing" finished-at="2023-07-27T14:28:44 IST" duration-ms="44758" status="PASS">
          <reporter-output>
          </reporter-output>
        </test-method> <!-- testing -->
      </class> <!-- Test.Testclass -->
    </test> <!-- Test -->
  </suite> <!-- Suite -->
</testng-results>
